<?xml version="1.0" encoding="UTF-8"?>
<!-- Generated by org.testng.reporters.JUnitReportReporter -->
<testsuite skipped="1" hostname="INDIA" name="com.frameworkbasics1.cva.Chormebrowserlaunch" tests="2" failures="0" timestamp="10 Apr 2018 17:39:31 GMT" time="0.000" errors="1">
  <testcase name="openBrowser" time="0.000" classname="com.frameworkbasics1.cva.Chormebrowserlaunch">
    <error type="org.testng.TestNGException" message="
Parameter &#039;browser1&#039; is required by BeforeSuite on method openBrowser but has not been marked @Optional or defined
in C:\Users\HP\eclipse-workspace\FrameworkBasics\testng.xml">
      <![CDATA[org.testng.TestNGException: 
Parameter 'browser1' is required by BeforeSuite on method openBrowser but has not been marked @Optional or defined
in C:\Users\HP\eclipse-workspace\FrameworkBasics\testng.xml
at org.testng.internal.Parameters.createParams(Parameters.java:290)
at org.testng.internal.Parameters.createParametersForMethod(Parameters.java:359)
at org.testng.internal.Parameters.createParameters(Parameters.java:620)
at org.testng.internal.Parameters.createConfigurationParameters(Parameters.java:190)
at org.testng.internal.Invoker.invokeConfigurations(Invoker.java:209)
at org.testng.internal.Invoker.invokeConfigurations(Invoker.java:142)
at org.testng.SuiteRunner.privateRun(SuiteRunner.java:401)
at org.testng.SuiteRunner.run(SuiteRunner.java:364)
at org.testng.SuiteRunnerWorker.runSuite(SuiteRunnerWorker.java:52)
at org.testng.SuiteRunnerWorker.run(SuiteRunnerWorker.java:84)
at org.testng.TestNG.runSuitesSequentially(TestNG.java:1208)
at org.testng.TestNG.runSuitesLocally(TestNG.java:1137)
at org.testng.TestNG.runSuites(TestNG.java:1049)
at org.testng.TestNG.run(TestNG.java:1017)
at org.testng.remote.AbstractRemoteTestNG.run(AbstractRemoteTestNG.java:114)
at org.testng.remote.RemoteTestNG.initAndRun(RemoteTestNG.java:251)
at org.testng.remote.RemoteTestNG.main(RemoteTestNG.java:77)
]]>
    </error>
  </testcase> <!-- openBrowser -->
  <testcase name="openChrome" time="0.000" classname="com.frameworkbasics1.cva.Chormebrowserlaunch">
    <skipped/>
  </testcase> <!-- openChrome -->
</testsuite> <!-- com.frameworkbasics1.cva.Chormebrowserlaunch -->
